android/app/build/outputs/logs/manifest-merger-release-report.txt
-- Merging decision tree log ---
manifest
ADDED from src/main/AndroidManifest.xml:1:1-65:12
INJECTED from src/main/AndroidManifest.xml:1:1-65:12
INJECTED from src/main/AndroidManifest.xml:1:1-65:12
INJECTED from src/main/AndroidManifest.xml:1:1-65:12
MERGED from [:fluwx] AndroidManifest.xml:2:1-66:12
MERGED from [:sqflite] AndroidManifest.xml:2:1-7:12
MERGED from [:scan] AndroidManifest.xml:2:1-13:12
MERGED from [:tobias] AndroidManifest.xml:2:1-25:12
MERGED from [:path_provider_android] AndroidManifest.xml:2:1-7:12
MERGED from [:amap_flutter_location] AndroidManifest.xml:2:1-7:12
MERGED from [:webview_flutter_android] AndroidManifest.xml:2:1-7:12
MERGED from [:shared_preferences_android] AndroidManifest.xml:2:1-7:12
MERGED from [:permission_handler_android] AndroidManifest.xml:2:1-7:12
MERGED from [:images_picker] AndroidManifest.xml:2:1-24:12
MERGED from [:package_info_plus] AndroidManifest.xml:2:1-7:12
MERGED from [:device_info_plus] AndroidManifest.xml:2:1-7:12
MERGED from [:package_info] AndroidManifest.xml:2:1-7:12
MERGED from [id.zelory:compressor:3.0.1] AndroidManifest.xml:2:1-11:12
MERGED from [androidx.window:window-java:1.0.0-beta04] AndroidManifest.xml:17:1-23:12
MERGED from [androidx.window:window:1.0.0-beta04] AndroidManifest.xml:17:1-33:12
MERGED from [androidx.multidex:multidex:2.0.0] AndroidManifest.xml:17:1-22:12
MERGED from [com.tencent.mm.opensdk:wechat-sdk-android-without-mta:6.8.0] AndroidManifest.xml:2:1-9:12
MERGED from [com.journeyapps:zxing-android-embedded:4.3.0] AndroidManifest.xml:17:1-56:12
MERGED from [io.github.lucksiege:pictureselector:v2.7.3-rc10] AndroidManifest.xml:2:1-72:12
MERGED from [androidx.camera:camera-view:1.0.0-alpha30] AndroidManifest.xml:17:1-25:12
MERGED from [androidx.appcompat:appcompat:1.3.1] AndroidManifest.xml:17:1-24:12
MERGED from [com.huawei.hms:scanplus:2.1.0.300] AndroidManifest.xml:2:1-33:12
MERGED from [com.alipay.sdk:alipaysdk-android:15.8.11] AndroidManifest.xml:2:1-78:12
MERGED from [androidx.webkit:webkit:1.0.0] AndroidManifest.xml:17:1-22:12
MERGED from [com.github.bumptech.glide:glide:4.11.0] AndroidManifest.xml:2:1-12:12
MERGED from [androidx.fragment:fragment:1.3.6] AndroidManifest.xml:17:1-24:12
MERGED from [androidx.activity:activity:1.4.0] AndroidManifest.xml:17:1-24:12
MERGED from [androidx.tracing:tracing:1.0.0] AndroidManifest.xml:17:1-24:12
MERGED from [androidx.recyclerview:recyclerview:1.2.1] AndroidManifest.xml:17:1-24:12
MERGED from [androidx.transition:transition:1.4.1] AndroidManifest.xml:17:1-24:12
MERGED from [androidx.camera:camera-lifecycle:1.1.0-alpha10] AndroidManifest.xml:17:1-24:12
MERGED from [androidx.appcompat:appcompat-resources:1.3.1] AndroidManifest.xml:17:1-24:12
MERGED from [androidx.drawerlayout:drawerlayout:1.0.0] AndroidManifest.xml:17:1-22:12
MERGED from [androidx.viewpager:viewpager:1.0.0] AndroidManifest.xml:17:1-22:12
MERGED from [androidx.loader:loader:1.0.0] AndroidManifest.xml:17:1-22:12
MERGED from [androidx.customview:customview:1.0.0] AndroidManifest.xml:17:1-22:12
MERGED from [androidx.camera:camera-core:1.1.0-alpha10] AndroidManifest.xml:17:1-38:12
MERGED from [androidx.vectordrawable:vectordrawable-animated:1.1.0] AndroidManifest.xml:17:1-24:12
MERGED from [androidx.vectordrawable:vectordrawable:1.1.0] AndroidManifest.xml:17:1-24:12
MERGED from [androidx.core:core:1.7.0] AndroidManifest.xml:17:1-26:12
MERGED from [androidx.exifinterface:exifinterface:1.3.3] AndroidManifest.xml:17:1-24:12
MERGED from [androidx.localbroadcastmanager:localbroadcastmanager:1.0.0] AndroidManifest.xml:17:1-22:12
MERGED from [com.github.bumptech.glide:gifdecoder:4.11.0] AndroidManifest.xml:2:1-11:12
MERGED from [com.huawei.hms:network-grs:4.0.20.301] AndroidManifest.xml:2:1-11:12
MERGED from [com.huawei.android.hms:security-ssl:1.1.5.301] AndroidManifest.xml:2:1-15:12
MERGED from [androidx.lifecycle:lifecycle-runtime:2.3.1] AndroidManifest.xml:17:1-24:12
MERGED from [androidx.cursoradapter:cursoradapter:1.0.0] AndroidManifest.xml:17:1-22:12
MERGED from [androidx.lifecycle:lifecycle-viewmodel-savedstate:2.3.1] AndroidManifest.xml:17:1-24:12
MERGED from [androidx.savedstate:savedstate:1.1.0] AndroidManifest.xml:17:1-24:12
MERGED from [androidx.lifecycle:lifecycle-viewmodel:2.3.1] AndroidManifest.xml:17:1-24:12
MERGED from [androidx.versionedparcelable:versionedparcelable:1.1.1] AndroidManifest.xml:17:1-27:12
MERGED from [androidx.lifecycle:lifecycle-livedata:2.1.0] AndroidManifest.xml:17:1-22:12
MERGED from [androidx.lifecycle:lifecycle-livedata-core:2.3.1] AndroidManifest.xml:17:1-24:12
MERGED from [androidx.arch.core:core-runtime:2.1.0] AndroidManifest.xml:17:1-24:12
MERGED from [androidx.interpolator:interpolator:1.0.0] AndroidManifest.xml:17:1-22:12
MERGED from [com.huawei.hms:dynamic-api:1.0.13.303] AndroidManifest.xml:2:1-20:12
MERGED from [com.huawei.hms:ml-computer-sdkbase-inner:2.0.5.304] AndroidManifest.xml:3:1-19:12
MERGED from [com.huawei.hms:ml-computer-agc-inner:2.0.5.304] AndroidManifest.xml:3:1-12:12
MERGED from [com.huawei.agconnect:agconnect-core:1.4.0.300] AndroidManifest.xml:2:1-21:12
MERGED from [com.huawei.hmf:tasks:1.4.1.300] AndroidManifest.xml:2:1-10:12
MERGED from [androidx.annotation:annotation-experimental:1.1.0] AndroidManifest.xml:17:1-24:12
MERGED from [com.huawei.hms:network-framework-compat:4.0.20.301] AndroidManifest.xml:2:1-11:12
MERGED from [com.huawei.hms:network-common:4.0.20.301] AndroidManifest.xml:2:1-11:12
MERGED from [com.huawei.hms:ml-computer-commonutils-inner:2.0.5.304] AndroidManifest.xml:3:1-12:12
INJECTED from src/main/AndroidManifest.xml:1:1-65:12
INJECTED from src/main/AndroidManifest.xml:1:1-65:12
INJECTED from src/main/AndroidManifest.xml:1:1-65:12
	package
		ADDED from src/main/AndroidManifest.xml:2:5-37
		INJECTED from src/main/AndroidManifest.xml
		INJECTED from src/main/AndroidManifest.xml
	android:versionName
		INJECTED from src/main/AndroidManifest.xml
		ADDED from src/main/AndroidManifest.xml:1:1-65:12
		INJECTED from src/main/AndroidManifest.xml
	android:versionCode
		INJECTED from src/main/AndroidManifest.xml
		ADDED from src/main/AndroidManifest.xml:1:1-65:12
		INJECTED from src/main/AndroidManifest.xml
	xmlns:android
		ADDED from src/main/AndroidManifest.xml:1:11-69
uses-permission#android.permission.READ_PHONE_STATE
ADDED from src/main/AndroidManifest.xml:4:5-75
	android:name
		ADDED from src/main/AndroidManifest.xml:4:22-72
permission#android.permission.INTERNET
ADDED from src/main/AndroidManifest.xml:6:5-61
	android:name
		ADDED from src/main/AndroidManifest.xml:6:17-59
permission#android.permission.ACCESS_NETWORK_STATE
ADDED from src/main/AndroidManifest.xml:8:5-73
	android:name
		ADDED from src/main/AndroidManifest.xml:8:17-71
permission#android.permission.ACCESS_WIFI_STATE
ADDED from src/main/AndroidManifest.xml:10:5-70
	android:name
		ADDED from src/main/AndroidManifest.xml:10:17-68
permission#android.permission.READ_EXTERNAL_STORAGE
ADDED from src/main/AndroidManifest.xml:12:5-74
	android:name
		ADDED from src/main/AndroidManifest.xml:12:17-72
permission#android.permission.WRITE_EXTERNAL_STORAGE
ADDED from src/main/AndroidManifest.xml:14:5-75
	android:name
		ADDED from src/main/AndroidManifest.xml:14:17-73
uses-permission#android.permission.ACCESS_COARSE_LOCATION
ADDED from src/main/AndroidManifest.xml:16:5-81
	android:name
		ADDED from src/main/AndroidManifest.xml:16:22-78
uses-permission#android.permission.ACCESS_FINE_LOCATION
ADDED from src/main/AndroidManifest.xml:18:5-79
	android:name
		ADDED from src/main/AndroidManifest.xml:18:22-76
uses-permission#android.permission.ACCESS_LOCATION_EXTRA_COMMANDS
ADDED from src/main/AndroidManifest.xml:20:5-89
	android:name
		ADDED from src/main/AndroidManifest.xml:20:22-86
uses-permission#android.permission.CHANGE_WIFI_STATE
ADDED from src/main/AndroidManifest.xml:22:5-76
	android:name
		ADDED from src/main/AndroidManifest.xml:22:22-73
uses-permission#android.permission.CAMERA
ADDED from src/main/AndroidManifest.xml:23:5-65
MERGED from [:scan] AndroidManifest.xml:10:5-65
MERGED from [:scan] AndroidManifest.xml:10:5-65
MERGED from [:images_picker] AndroidManifest.xml:20:5-65
MERGED from [:images_picker] AndroidManifest.xml:20:5-65
MERGED from [com.journeyapps:zxing-android-embedded:4.3.0] AndroidManifest.xml:22:5-65
MERGED from [com.journeyapps:zxing-android-embedded:4.3.0] AndroidManifest.xml:22:5-65
MERGED from [com.huawei.hms:scanplus:2.1.0.300] AndroidManifest.xml:11:5-65
MERGED from [com.huawei.hms:scanplus:2.1.0.300] AndroidManifest.xml:11:5-65
	android:name
		ADDED from src/main/AndroidManifest.xml:23:22-62
uses-permission#android.permission.READ_CONTACTS
ADDED from src/main/AndroidManifest.xml:25:5-72
	android:name
		ADDED from src/main/AndroidManifest.xml:25:22-69
application
ADDED from src/main/AndroidManifest.xml:26:4-64:19
MERGED from [:fluwx] AndroidManifest.xml:17:5-64:19
MERGED from [:fluwx] AndroidManifest.xml:17:5-64:19
MERGED from [androidx.window:window:1.0.0-beta04] AndroidManifest.xml:24:5-31:19
MERGED from [androidx.window:window:1.0.0-beta04] AndroidManifest.xml:24:5-31:19
MERGED from [com.journeyapps:zxing-android-embedded:4.3.0] AndroidManifest.xml:46:5-54:19
MERGED from [com.journeyapps:zxing-android-embedded:4.3.0] AndroidManifest.xml:46:5-54:19
MERGED from [io.github.lucksiege:pictureselector:v2.7.3-rc10] AndroidManifest.xml:12:5-70:19
MERGED from [io.github.lucksiege:pictureselector:v2.7.3-rc10] AndroidManifest.xml:12:5-70:19
MERGED from [com.huawei.hms:scanplus:2.1.0.300] AndroidManifest.xml:13:5-31:19
MERGED from [com.huawei.hms:scanplus:2.1.0.300] AndroidManifest.xml:13:5-31:19
MERGED from [com.alipay.sdk:alipaysdk-android:15.8.11] AndroidManifest.xml:32:5-76:19
MERGED from [com.alipay.sdk:alipaysdk-android:15.8.11] AndroidManifest.xml:32:5-76:19
MERGED from [com.github.bumptech.glide:glide:4.11.0] AndroidManifest.xml:10:5-20
MERGED from [com.github.bumptech.glide:glide:4.11.0] AndroidManifest.xml:10:5-20
MERGED from [androidx.camera:camera-core:1.1.0-alpha10] AndroidManifest.xml:25:5-36:19
MERGED from [androidx.camera:camera-core:1.1.0-alpha10] AndroidManifest.xml:25:5-36:19
MERGED from [androidx.core:core:1.7.0] AndroidManifest.xml:24:5-89
MERGED from [androidx.core:core:1.7.0] AndroidManifest.xml:24:5-89
MERGED from [com.github.bumptech.glide:gifdecoder:4.11.0] AndroidManifest.xml:9:5-20
MERGED from [com.github.bumptech.glide:gifdecoder:4.11.0] AndroidManifest.xml:9:5-20
MERGED from [com.huawei.android.hms:security-ssl:1.1.5.301] AndroidManifest.xml:9:5-13:19
MERGED from [com.huawei.android.hms:security-ssl:1.1.5.301] AndroidManifest.xml:9:5-13:19
MERGED from [androidx.versionedparcelable:versionedparcelable:1.1.1] AndroidManifest.xml:24:5-25:19
MERGED from [androidx.versionedparcelable:versionedparcelable:1.1.1] AndroidManifest.xml:24:5-25:19
MERGED from [com.huawei.hms:dynamic-api:1.0.13.303] AndroidManifest.xml:11:5-18:19
MERGED from [com.huawei.hms:dynamic-api:1.0.13.303] AndroidManifest.xml:11:5-18:19
MERGED from [com.huawei.hms:ml-computer-sdkbase-inner:2.0.5.304] AndroidManifest.xml:12:5-17:19
MERGED from [com.huawei.hms:ml-computer-sdkbase-inner:2.0.5.304] AndroidManifest.xml:12:5-17:19
MERGED from [com.huawei.agconnect:agconnect-core:1.4.0.300] AndroidManifest.xml:10:5-19:19
MERGED from [com.huawei.agconnect:agconnect-core:1.4.0.300] AndroidManifest.xml:10:5-19:19
	android:appComponentFactory
		ADDED from [androidx.core:core:1.7.0] AndroidManifest.xml:24:18-86
	android:label
		ADDED from src/main/AndroidManifest.xml:27:9-28
	android:icon
		ADDED from src/main/AndroidManifest.xml:28:9-43
	android:usesCleartextTraffic
		ADDED from src/main/AndroidManifest.xml:29:9-44
activity#com.akuhome.new_recook.MainActivity
ADDED from src/main/AndroidManifest.xml:30:9-58:20
	android:launchMode
		ADDED from src/main/AndroidManifest.xml:32:13-43
	android:hardwareAccelerated
		ADDED from src/main/AndroidManifest.xml:35:13-47
	android:windowSoftInputMode
		ADDED from src/main/AndroidManifest.xml:36:13-55
	android:configChanges
		ADDED from src/main/AndroidManifest.xml:34:13-163
	android:theme
		ADDED from src/main/AndroidManifest.xml:33:13-47
	android:name
		ADDED from src/main/AndroidManifest.xml:31:13-41
meta-data#io.flutter.embedding.android.NormalTheme
ADDED from src/main/AndroidManifest.xml:41:13-44:17
	android:resource
		ADDED from src/main/AndroidManifest.xml:43:15-52
	android:name
		ADDED from src/main/AndroidManifest.xml:42:15-70
meta-data#io.flutter.embedding.android.SplashScreenDrawable
ADDED from src/main/AndroidManifest.xml:50:13-53:17
	android:resource
		ADDED from src/main/AndroidManifest.xml:52:15-61
	android:name
		ADDED from src/main/AndroidManifest.xml:51:15-79
intent-filter#action:name:android.intent.action.MAIN+category:name:android.intent.category.LAUNCHER
ADDED from src/main/AndroidManifest.xml:54:13-57:29
action#android.intent.action.MAIN
ADDED from src/main/AndroidManifest.xml:55:17-68
	android:name
		ADDED from src/main/AndroidManifest.xml:55:25-66
category#android.intent.category.LAUNCHER
ADDED from src/main/AndroidManifest.xml:56:17-76
	android:name
		ADDED from src/main/AndroidManifest.xml:56:27-74
meta-data#flutterEmbedding
ADDED from src/main/AndroidManifest.xml:61:9-63:33
	android:value
		ADDED from src/main/AndroidManifest.xml:63:13-30
	android:name
		ADDED from src/main/AndroidManifest.xml:62:13-44
uses-sdk
INJECTED from src/main/AndroidManifest.xml reason: use-sdk injection requested
INJECTED from src/main/AndroidManifest.xml
INJECTED from src/main/AndroidManifest.xml
MERGED from [:fluwx] AndroidManifest.xml:5:5-44
MERGED from [:fluwx] AndroidManifest.xml:5:5-44
MERGED from [:sqflite] AndroidManifest.xml:5:5-44
MERGED from [:sqflite] AndroidManifest.xml:5:5-44
MERGED from [:scan] AndroidManifest.xml:6:5-8:67
MERGED from [:scan] AndroidManifest.xml:6:5-8:67
MERGED from [:tobias] AndroidManifest.xml:5:5-44
MERGED from [:tobias] AndroidManifest.xml:5:5-44
MERGED from [:path_provider_android] AndroidManifest.xml:5:5-44
MERGED from [:path_provider_android] AndroidManifest.xml:5:5-44
MERGED from [:amap_flutter_location] AndroidManifest.xml:5:5-44
MERGED from [:amap_flutter_location] AndroidManifest.xml:5:5-44
MERGED from [:webview_flutter_android] AndroidManifest.xml:5:5-44
MERGED from [:webview_flutter_android] AndroidManifest.xml:5:5-44
MERGED from [:shared_preferences_android] AndroidManifest.xml:5:5-44
MERGED from [:shared_preferences_android] AndroidManifest.xml:5:5-44
MERGED from [:permission_handler_android] AndroidManifest.xml:5:5-44
MERGED from [:permission_handler_android] AndroidManifest.xml:5:5-44
MERGED from [:images_picker] AndroidManifest.xml:5:5-44
MERGED from [:images_picker] AndroidManifest.xml:5:5-44
MERGED from [:package_info_plus] AndroidManifest.xml:5:5-44
MERGED from [:package_info_plus] AndroidManifest.xml:5:5-44
MERGED from [:device_info_plus] AndroidManifest.xml:5:5-44
MERGED from [:device_info_plus] AndroidManifest.xml:5:5-44
MERGED from [:package_info] AndroidManifest.xml:5:5-44
MERGED from [:package_info] AndroidManifest.xml:5:5-44
MERGED from [id.zelory:compressor:3.0.1] AndroidManifest.xml:7:5-9:41
MERGED from [id.zelory:compressor:3.0.1] AndroidManifest.xml:7:5-9:41
MERGED from [androidx.window:window-java:1.0.0-beta04] AndroidManifest.xml:19:5-21:41
MERGED from [androidx.window:window-java:1.0.0-beta04] AndroidManifest.xml:19:5-21:41
MERGED from [androidx.window:window:1.0.0-beta04] AndroidManifest.xml:20:5-22:41
MERGED from [androidx.window:window:1.0.0-beta04] AndroidManifest.xml:20:5-22:41
MERGED from [androidx.multidex:multidex:2.0.0] AndroidManifest.xml:20:5-43
MERGED from [androidx.multidex:multidex:2.0.0] AndroidManifest.xml:20:5-43
MERGED from [com.tencent.mm.opensdk:wechat-sdk-android-without-mta:6.8.0] AndroidManifest.xml:5:5-7:41
MERGED from [com.tencent.mm.opensdk:wechat-sdk-android-without-mta:6.8.0] AndroidManifest.xml:5:5-7:41
MERGED from [com.journeyapps:zxing-android-embedded:4.3.0] AndroidManifest.xml:20:5-44
MERGED from [com.journeyapps:zxing-android-embedded:4.3.0] AndroidManifest.xml:20:5-44
MERGED from [io.github.lucksiege:pictureselector:v2.7.3-rc10] AndroidManifest.xml:6:5-10:16
MERGED from [io.github.lucksiege:pictureselector:v2.7.3-rc10] AndroidManifest.xml:6:5-10:16
MERGED from [androidx.camera:camera-view:1.0.0-alpha30] AndroidManifest.xml:20:5-23:145
MERGED from [androidx.camera:camera-view:1.0.0-alpha30] AndroidManifest.xml:20:5-23:145
MERGED from [androidx.appcompat:appcompat:1.3.1] AndroidManifest.xml:20:5-22:41
MERGED from [androidx.appcompat:appcompat:1.3.1] AndroidManifest.xml:20:5-22:41
MERGED from [com.huawei.hms:scanplus:2.1.0.300] AndroidManifest.xml:7:5-9:41
MERGED from [com.huawei.hms:scanplus:2.1.0.300] AndroidManifest.xml:7:5-9:41
MERGED from [com.alipay.sdk:alipaysdk-android:15.8.11] AndroidManifest.xml:7:5-44
MERGED from [com.alipay.sdk:alipaysdk-android:15.8.11] AndroidManifest.xml:7:5-44
MERGED from [androidx.webkit:webkit:1.0.0] AndroidManifest.xml:20:5-44
MERGED from [androidx.webkit:webkit:1.0.0] AndroidManifest.xml:20:5-44
MERGED from [com.github.bumptech.glide:glide:4.11.0] AndroidManifest.xml:6:5-8:41
MERGED from [com.github.bumptech.glide:glide:4.11.0] AndroidManifest.xml:6:5-8:41
MERGED from [androidx.fragment:fragment:1.3.6] AndroidManifest.xml:20:5-22:41
MERGED from [androidx.fragment:fragment:1.3.6] AndroidManifest.xml:20:5-22:41
MERGED from [androidx.activity:activity:1.4.0] AndroidManifest.xml:20:5-22:41
MERGED from [androidx.activity:activity:1.4.0] AndroidManifest.xml:20:5-22:41
MERGED from [androidx.tracing:tracing:1.0.0] AndroidManifest.xml:20:5-22:41
MERGED from [androidx.tracing:tracing:1.0.0] AndroidManifest.xml:20:5-22:41
MERGED from [androidx.recyclerview:recyclerview:1.2.1] AndroidManifest.xml:20:5-22:41
MERGED from [androidx.recyclerview:recyclerview:1.2.1] AndroidManifest.xml:20:5-22:41
MERGED from [androidx.transition:transition:1.4.1] AndroidManifest.xml:20:5-22:41
MERGED from [androidx.transition:transition:1.4.1] AndroidManifest.xml:20:5-22:41
MERGED from [androidx.camera:camera-lifecycle:1.1.0-alpha10] AndroidManifest.xml:20:5-22:41
MERGED from [androidx.camera:camera-lifecycle:1.1.0-alpha10] AndroidManifest.xml:20:5-22:41
MERGED from [androidx.appcompat:appcompat-resources:1.3.1] AndroidManifest.xml:20:5-22:41
MERGED from [androidx.appcompat:appcompat-resources:1.3.1] AndroidManifest.xml:20:5-22:41
MERGED from [androidx.drawerlayout:drawerlayout:1.0.0] AndroidManifest.xml:20:5-44
MERGED from [androidx.drawerlayout:drawerlayout:1.0.0] AndroidManifest.xml:20:5-44
MERGED from [androidx.viewpager:viewpager:1.0.0] AndroidManifest.xml:20:5-44
MERGED from [androidx.viewpager:viewpager:1.0.0] AndroidManifest.xml:20:5-44
MERGED from [androidx.loader:loader:1.0.0] AndroidManifest.xml:20:5-44
MERGED from [androidx.loader:loader:1.0.0] AndroidManifest.xml:20:5-44
MERGED from [androidx.customview:customview:1.0.0] AndroidManifest.xml:20:5-44
MERGED from [androidx.customview:customview:1.0.0] AndroidManifest.xml:20:5-44
MERGED from [androidx.camera:camera-core:1.1.0-alpha10] AndroidManifest.xml:21:5-23:41
MERGED from [androidx.camera:camera-core:1.1.0-alpha10] AndroidManifest.xml:21:5-23:41
MERGED from [androidx.vectordrawable:vectordrawable-animated:1.1.0] AndroidManifest.xml:20:5-22:41
MERGED from [androidx.vectordrawable:vectordrawable-animated:1.1.0] AndroidManifest.xml:20:5-22:41
MERGED from [androidx.vectordrawable:vectordrawable:1.1.0] AndroidManifest.xml:20:5-22:41
MERGED from [androidx.vectordrawable:vectordrawable:1.1.0] AndroidManifest.xml:20:5-22:41
MERGED from [androidx.core:core:1.7.0] AndroidManifest.xml:20:5-22:41
MERGED from [androidx.core:core:1.7.0] AndroidManifest.xml:20:5-22:41
MERGED from [androidx.exifinterface:exifinterface:1.3.3] AndroidManifest.xml:20:5-22:41
MERGED from [androidx.exifinterface:exifinterface:1.3.3] AndroidManifest.xml:20:5-22:41
MERGED from [androidx.localbroadcastmanager:localbroadcastmanager:1.0.0] AndroidManifest.xml:20:5-44
MERGED from [androidx.localbroadcastmanager:localbroadcastmanager:1.0.0] AndroidManifest.xml:20:5-44
MERGED from [com.github.bumptech.glide:gifdecoder:4.11.0] AndroidManifest.xml:5:5-7:41
MERGED from [com.github.bumptech.glide:gifdecoder:4.11.0] AndroidManifest.xml:5:5-7:41
MERGED from [com.huawei.hms:network-grs:4.0.20.301] AndroidManifest.xml:7:5-9:41
MERGED from [com.huawei.hms:network-grs:4.0.20.301] AndroidManifest.xml:7:5-9:41
MERGED from [com.huawei.android.hms:security-ssl:1.1.5.301] AndroidManifest.xml:7:5-43
MERGED from [com.huawei.android.hms:security-ssl:1.1.5.301] AndroidManifest.xml:7:5-43
MERGED from [androidx.lifecycle:lifecycle-runtime:2.3.1] AndroidManifest.xml:20:5-22:41
MERGED from [androidx.lifecycle:lifecycle-runtime:2.3.1] AndroidManifest.xml:20:5-22:41
MERGED from [androidx.cursoradapter:cursoradapter:1.0.0] AndroidManifest.xml:20:5-44
MERGED from [androidx.cursoradapter:cursoradapter:1.0.0] AndroidManifest.xml:20:5-44
MERGED from [androidx.lifecycle:lifecycle-viewmodel-savedstate:2.3.1] AndroidManifest.xml:20:5-22:41
MERGED from [androidx.lifecycle:lifecycle-viewmodel-savedstate:2.3.1] AndroidManifest.xml:20:5-22:41
MERGED from [androidx.savedstate:savedstate:1.1.0] AndroidManifest.xml:20:5-22:41
MERGED from [androidx.savedstate:savedstate:1.1.0] AndroidManifest.xml:20:5-22:41
MERGED from [androidx.lifecycle:lifecycle-viewmodel:2.3.1] AndroidManifest.xml:20:5-22:41
MERGED from [androidx.lifecycle:lifecycle-viewmodel:2.3.1] AndroidManifest.xml:20:5-22:41
MERGED from [androidx.versionedparcelable:versionedparcelable:1.1.1] AndroidManifest.xml:20:5-22:41
MERGED from [androidx.versionedparcelable:versionedparcelable:1.1.1] AndroidManifest.xml:20:5-22:41
MERGED from [androidx.lifecycle:lifecycle-livedata:2.1.0] AndroidManifest.xml:20:5-44
MERGED from [androidx.lifecycle:lifecycle-livedata:2.1.0] AndroidManifest.xml:20:5-44
MERGED from [androidx.lifecycle:lifecycle-livedata-core:2.3.1] AndroidManifest.xml:20:5-22:41
MERGED from [androidx.lifecycle:lifecycle-livedata-core:2.3.1] AndroidManifest.xml:20:5-22:41
MERGED from [androidx.arch.core:core-runtime:2.1.0] AndroidManifest.xml:20:5-22:41
MERGED from [androidx.arch.core:core-runtime:2.1.0] AndroidManifest.xml:20:5-22:41
MERGED from [androidx.interpolator:interpolator:1.0.0] AndroidManifest.xml:20:5-44
MERGED from [androidx.interpolator:interpolator:1.0.0] AndroidManifest.xml:20:5-44
MERGED from [com.huawei.hms:dynamic-api:1.0.13.303] AndroidManifest.xml:7:5-9:41
MERGED from [com.huawei.hms:dynamic-api:1.0.13.303] AndroidManifest.xml:7:5-9:41
MERGED from [com.huawei.hms:ml-computer-sdkbase-inner:2.0.5.304] AndroidManifest.xml:8:5-10:41
MERGED from [com.huawei.hms:ml-computer-sdkbase-inner:2.0.5.304] AndroidManifest.xml:8:5-10:41
MERGED from [com.huawei.hms:ml-computer-agc-inner:2.0.5.304] AndroidManifest.xml:8:5-10:41
MERGED from [com.huawei.hms:ml-computer-agc-inner:2.0.5.304] AndroidManifest.xml:8:5-10:41
MERGED from [com.huawei.agconnect:agconnect-core:1.4.0.300] AndroidManifest.xml:6:5-8:41
MERGED from [com.huawei.agconnect:agconnect-core:1.4.0.300] AndroidManifest.xml:6:5-8:41
MERGED from [com.huawei.hmf:tasks:1.4.1.300] AndroidManifest.xml:6:5-8:41
MERGED from [com.huawei.hmf:tasks:1.4.1.300] AndroidManifest.xml:6:5-8:41
MERGED from [androidx.annotation:annotation-experimental:1.1.0] AndroidManifest.xml:20:5-22:41
MERGED from [androidx.annotation:annotation-experimental:1.1.0] AndroidManifest.xml:20:5-22:41
MERGED from [com.huawei.hms:network-framework-compat:4.0.20.301] AndroidManifest.xml:7:5-9:41
MERGED from [com.huawei.hms:network-framework-compat:4.0.20.301] AndroidManifest.xml:7:5-9:41
MERGED from [com.huawei.hms:network-common:4.0.20.301] AndroidManifest.xml:7:5-9:41
MERGED from [com.huawei.hms:network-common:4.0.20.301] AndroidManifest.xml:7:5-9:41
MERGED from [com.huawei.hms:ml-computer-commonutils-inner:2.0.5.304] AndroidManifest.xml:8:5-10:41
MERGED from [com.huawei.hms:ml-computer-commonutils-inner:2.0.5.304] AndroidManifest.xml:8:5-10:41
INJECTED from src/main/AndroidManifest.xml
INJECTED from src/main/AndroidManifest.xml
	tools:overrideLibrary
		ADDED from [:scan] AndroidManifest.xml:8:9-64
	android:targetSdkVersion
		INJECTED from src/main/AndroidManifest.xml
		ADDED from src/main/AndroidManifest.xml
		INJECTED from src/main/AndroidManifest.xml
	android:minSdkVersion
		INJECTED from src/main/AndroidManifest.xml
		ADDED from src/main/AndroidManifest.xml
		INJECTED from src/main/AndroidManifest.xml
uses-permission#android.permission.INTERNET
ADDED from [:fluwx] AndroidManifest.xml:7:5-67
MERGED from [:tobias] AndroidManifest.xml:7:5-67
MERGED from [:tobias] AndroidManifest.xml:7:5-67
MERGED from [:images_picker] AndroidManifest.xml:22:5-67
MERGED from [:images_picker] AndroidManifest.xml:22:5-67
MERGED from [com.alipay.sdk:alipaysdk-android:15.8.11] AndroidManifest.xml:28:5-67
MERGED from [com.alipay.sdk:alipaysdk-android:15.8.11] AndroidManifest.xml:28:5-67
	android:name
		ADDED from [:fluwx] AndroidManifest.xml:7:22-64
uses-permission#android.permission.ACCESS_NETWORK_STATE
ADDED from [:fluwx] AndroidManifest.xml:8:5-79
MERGED from [:tobias] AndroidManifest.xml:8:5-79
MERGED from [:tobias] AndroidManifest.xml:8:5-79
MERGED from [com.alipay.sdk:alipaysdk-android:15.8.11] AndroidManifest.xml:29:5-79
MERGED from [com.alipay.sdk:alipaysdk-android:15.8.11] AndroidManifest.xml:29:5-79
	android:name
		ADDED from [:fluwx] AndroidManifest.xml:8:22-76
uses-permission#android.permission.ACCESS_WIFI_STATE
ADDED from [:fluwx] AndroidManifest.xml:9:5-76
MERGED from [:tobias] AndroidManifest.xml:9:5-76
MERGED from [:tobias] AndroidManifest.xml:9:5-76
MERGED from [com.alipay.sdk:alipaysdk-android:15.8.11] AndroidManifest.xml:30:5-76
MERGED from [com.alipay.sdk:alipaysdk-android:15.8.11] AndroidManifest.xml:30:5-76
	android:name
		ADDED from [:fluwx] AndroidManifest.xml:9:22-73
uses-permission#android.permission.WRITE_EXTERNAL_STORAGE
ADDED from [:fluwx] AndroidManifest.xml:10:5-81
MERGED from [:images_picker] AndroidManifest.xml:19:5-81
MERGED from [:images_picker] AndroidManifest.xml:19:5-81
	android:name
		ADDED from [:fluwx] AndroidManifest.xml:10:22-78
queries
ADDED from [:fluwx] AndroidManifest.xml:13:5-15:15
MERGED from [:tobias] AndroidManifest.xml:16:5-23:15
MERGED from [:tobias] AndroidManifest.xml:16:5-23:15
MERGED from [:images_picker] AndroidManifest.xml:7:5-16:15
MERGED from [:images_picker] AndroidManifest.xml:7:5-16:15
MERGED from [com.alipay.sdk:alipaysdk-android:15.8.11] AndroidManifest.xml:9:5-19:15
MERGED from [com.alipay.sdk:alipaysdk-android:15.8.11] AndroidManifest.xml:9:5-19:15
package#com.tencent.mm
ADDED from [:fluwx] AndroidManifest.xml:14:9-50
	android:name
		ADDED from [:fluwx] AndroidManifest.xml:14:18-47
activity#com.jarvan.fluwx.wxapi.FluwxWXEntryActivity
ADDED from [:fluwx] AndroidManifest.xml:18:9-23:58
	android:launchMode
		ADDED from [:fluwx] AndroidManifest.xml:21:13-44
	android:exported
		ADDED from [:fluwx] AndroidManifest.xml:20:13-37
	android:theme
		ADDED from [:fluwx] AndroidManifest.xml:23:13-55
	android:taskAffinity
		ADDED from [:fluwx] AndroidManifest.xml:22:13-52
	android:name
		ADDED from [:fluwx] AndroidManifest.xml:19:13-71
activity-alias#${applicationId}.wxapi.WXPayEntryActivity
ADDED from [:fluwx] AndroidManifest.xml:25:9-38:26
	android:launchMode
		ADDED from [:fluwx] AndroidManifest.xml:28:13-48
	android:exported
		ADDED from [:fluwx] AndroidManifest.xml:27:13-36
	android:targetActivity
		ADDED from [:fluwx] AndroidManifest.xml:29:13-81
	android:theme
		ADDED from [:fluwx] AndroidManifest.xml:30:13-55
	android:name
		ADDED from [:fluwx] AndroidManifest.xml:26:13-69
activity-alias#com.akuhome.new_recook.wxapi.WXPayEntryActivity
ADDED from [:fluwx] AndroidManifest.xml:25:9-38:26
	android:launchMode
		ADDED from [:fluwx] AndroidManifest.xml:28:13-48
	android:exported
		ADDED from [:fluwx] AndroidManifest.xml:27:13-36
	android:targetActivity
		ADDED from [:fluwx] AndroidManifest.xml:29:13-81
	android:theme
		ADDED from [:fluwx] AndroidManifest.xml:30:13-55
	android:name
		ADDED from [:fluwx] AndroidManifest.xml:26:13-69
intent-filter#action:name:android.intent.action.VIEW+category:name:android.intent.category.DEFAULT+data:scheme:sdksample
ADDED from [:fluwx] AndroidManifest.xml:31:13-37:29
action#android.intent.action.VIEW
ADDED from [:fluwx] AndroidManifest.xml:32:17-69
	android:name
		ADDED from [:fluwx] AndroidManifest.xml:32:25-66
category#android.intent.category.DEFAULT
ADDED from [:fluwx] AndroidManifest.xml:34:17-76
	android:name
		ADDED from [:fluwx] AndroidManifest.xml:34:27-73
data
ADDED from [:fluwx] AndroidManifest.xml:36:17-52
	android:scheme
		ADDED from [:fluwx] AndroidManifest.xml:36:23-49
activity-alias#${applicationId}.wxapi.WXEntryActivity
ADDED from [:fluwx] AndroidManifest.xml:39:9-53:26
	android:launchMode
		ADDED from [:fluwx] AndroidManifest.xml:42:13-43
	android:exported
		ADDED from [:fluwx] AndroidManifest.xml:41:13-36
	android:targetActivity
		ADDED from [:fluwx] AndroidManifest.xml:43:13-81
	android:theme
		ADDED from [:fluwx] AndroidManifest.xml:45:13-55
	android:taskAffinity
		ADDED from [:fluwx] AndroidManifest.xml:44:13-52
	android:name
		ADDED from [:fluwx] AndroidManifest.xml:40:13-66
activity-alias#com.akuhome.new_recook.wxapi.WXEntryActivity
ADDED from [:fluwx] AndroidManifest.xml:39:9-53:26
	android:launchMode
		ADDED from [:fluwx] AndroidManifest.xml:42:13-43
	android:exported
		ADDED from [:fluwx] AndroidManifest.xml:41:13-36
	android:targetActivity
		ADDED from [:fluwx] AndroidManifest.xml:43:13-81
	android:theme
		ADDED from [:fluwx] AndroidManifest.xml:45:13-55
	android:taskAffinity
		ADDED from [:fluwx] AndroidManifest.xml:44:13-52
	android:name
		ADDED from [:fluwx] AndroidManifest.xml:40:13-66
provider#com.jarvan.fluwx.FluwxFileProvider
ADDED from [:fluwx] AndroidManifest.xml:55:9-63:20
	android:grantUriPermissions
		ADDED from [:fluwx] AndroidManifest.xml:59:13-47
	android:authorities
		ADDED from [:fluwx] AndroidManifest.xml:57:13-65
	android:exported
		ADDED from [:fluwx] AndroidManifest.xml:58:13-37
	android:name